<?xml version="1.0" encoding="UTF-8"?>
<testsuite xmlns:xsi="http://www.w3.org/2001/XMLSchema-instance" xsi:noNamespaceSchemaLocation="https://maven.apache.org/surefire/maven-surefire-plugin/xsd/surefire-test-report-3.0.xsd" version="3.0" name="com.bonarson_dev.bonarson_spring_boot.BonarsonSpringBootApplicationTests" time="6.492" tests="1" errors="0" skipped="0" failures="0">
  <properties>
[...]
</properties>
  <testcase name="contextLoads" classname="com.bonarson_dev.bonarson_spring_boot.BonarsonSpringBootApplicationTests" time="1.628">
    <system-out><![CDATA[08:14:38.078 [main] INFO org.springframework.test.context.support.AnnotationConfigContextLoaderUtils -- Could not detect default configuration classes for test class [com.bonarson_dev.bonarson_spring_boot.BonarsonSpringBootApplicationTests]: BonarsonSpringBootApplicationTests does not declare any static, non-private, non-final, nested classes annotated with @Configuration.
08:14:38.341 [main] INFO org.springframework.boot.test.context.SpringBootTestContextBootstrapper -- Found @SpringBootConfiguration com.bonarson_dev.bonarson_spring_boot.BonarsonSpringBootApplication for test class com.bonarson_dev.bonarson_spring_boot.BonarsonSpringBootApplicationTests

  .   ____          _            __ _ _
 /\\ / ___'_ __ _ _(_)_ __  __ _ \ \ \ \
( ( )\___ | '_ | '_| | '_ \/ _` | \ \ \ \
 \\/  ___)| |_)| | | | | || (_| |  ) ) ) )
  '  |____| .__|_| |_|_| |_\__, | / / / /
 =========|_|==============|___/=/_/_/_/
 :: Spring Boot ::                (v3.2.0)

2024-02-08T08:14:39.244+03:00  INFO 10220 --- [           main] c.b.b.BonarsonSpringBootApplicationTests : Starting BonarsonSpringBootApplicationTests using Java 20.0.1 with PID 10220 (started by PC ASUS in C:\Users\PC ASUS\Desktop\deploye\stock_manage_new)
2024-02-08T08:14:39.244+03:00  INFO 10220 --- [           main] c.b.b.BonarsonSpringBootApplicationTests : No active profile set, falling back to 1 default profile: "default"
2024-02-08T08:14:41.739+03:00  INFO 10220 --- [           main] o.s.b.a.w.s.WelcomePageHandlerMapping    : Adding welcome page: class path resource [static/index.html]
2024-02-08T08:14:42.453+03:00  INFO 10220 --- [           main] c.b.b.BonarsonSpringBootApplicationTests : Started BonarsonSpringBootApplicationTests in 3.735 seconds (process running for 6.037)
]]></system-out>
  </testcase>
</testsuite>