<?xml version="1.0" encoding="UTF-8"?>
<testsuite xmlns:xsi="http://www.w3.org/2001/XMLSchema-instance" xsi:noNamespaceSchemaLocation="https://maven.apache.org/surefire/maven-surefire-plugin/xsd/surefire-test-report-3.0.xsd" version="3.0" name="com.bonarson_dev.bonarson_spring_boot.BonarsonSpringBootApplicationTests" time="6.938" tests="1" errors="0" skipped="0" failures="0">
  <properties>
[...]
</properties>
  <testcase name="contextLoads" classname="com.bonarson_dev.bonarson_spring_boot.BonarsonSpringBootApplicationTests" time="1.909">
    <system-out><![CDATA[23:07:14.043 [main] INFO org.springframework.test.context.support.AnnotationConfigContextLoaderUtils -- Could not detect default configuration classes for test class [com.bonarson_dev.bonarson_spring_boot.BonarsonSpringBootApplicationTests]: BonarsonSpringBootApplicationTests does not declare any static, non-private, non-final, nested classes annotated with @Configuration.
23:07:14.301 [main] INFO org.springframework.boot.test.context.SpringBootTestContextBootstrapper -- Found @SpringBootConfiguration com.bonarson_dev.bonarson_spring_boot.BonarsonSpringBootApplication for test class com.bonarson_dev.bonarson_spring_boot.BonarsonSpringBootApplicationTests

  .   ____          _            __ _ _
 /\\ / ___'_ __ _ _(_)_ __  __ _ \ \ \ \
( ( )\___ | '_ | '_| | '_ \/ _` | \ \ \ \
 \\/  ___)| |_)| | | | | || (_| |  ) ) ) )
  '  |____| .__|_| |_|_| |_\__, | / / / /
 =========|_|==============|___/=/_/_/_/
 :: Spring Boot ::                (v3.2.0)

2024-02-06T23:07:15.208+03:00  INFO 16096 --- [           main] c.b.b.BonarsonSpringBootApplicationTests : Starting BonarsonSpringBootApplicationTests using Java 19.0.2 with PID 16096 (started by RAMANANOLO in E:\MGT2\Gestion de stock\Gestion_de_Stock)
2024-02-06T23:07:15.211+03:00  INFO 16096 --- [           main] c.b.b.BonarsonSpringBootApplicationTests : No active profile set, falling back to 1 default profile: "default"
2024-02-06T23:07:18.059+03:00  INFO 16096 --- [           main] o.s.b.a.w.s.WelcomePageHandlerMapping    : Adding welcome page: class path resource [static/index.html]
2024-02-06T23:07:18.699+03:00  INFO 16096 --- [           main] c.b.b.BonarsonSpringBootApplicationTests : Started BonarsonSpringBootApplicationTests in 4.019 seconds (process running for 5.991)
]]></system-out>
  </testcase>
</testsuite>